<?xml version="1.0" encoding="UTF-8"?>
<!-- Generated by org.testng.reporters.JUnitReportReporter -->
<testsuite hostname="SUWAL" name="com.mvnProject.testcases.NewContactPageTests" tests="2" failures="0" timestamp="24 Nov 2018 20:36:01 GMT" time="31.384" errors="0">
  <testcase name="NewContactPageCreateNewContactTest" time="15.919" classname="com.mvnProject.testcases.NewContactPageTests"/>
  <testcase name="NewContactPageCreateNewContactTest" time="15.465" classname="com.mvnProject.testcases.NewContactPageTests"/>
</testsuite> <!-- com.mvnProject.testcases.NewContactPageTests -->
