<?xml version="1.0" encoding="UTF-8"?>
<!-- Generated by org.testng.reporters.JUnitReportReporter -->
<testsuite hostname="SUWAL" name="com.mvnProject.testcases.LoginPageTests" tests="4" failures="0" timestamp="25 Nov 2018 05:01:31 GMT" time="49.012" errors="0">
  <testcase name="LoginPageSignUpLinkTest" time="13.626" classname="com.mvnProject.testcases.LoginPageTests"/>
  <testcase name="LoginPageTitleTest" time="9.386" classname="com.mvnProject.testcases.LoginPageTests"/>
  <testcase name="LoginTest" time="14.313" classname="com.mvnProject.testcases.LoginPageTests"/>
  <testcase name="LoginPageLogoTest" time="11.687" classname="com.mvnProject.testcases.LoginPageTests"/>
</testsuite> <!-- com.mvnProject.testcases.LoginPageTests -->
