<?xml version="1.0" encoding="UTF-8"?>
<!-- Generated by org.testng.reporters.JUnitReportReporter -->
<testsuite hostname="SUWAL" name="com.mvnProject.testcases.ContactsPageTests" tests="2" failures="0" timestamp="24 Nov 2018 20:36:01 GMT" time="26.942" errors="0">
  <testcase name="ContactPageSelectContactTest" time="13.286" classname="com.mvnProject.testcases.ContactsPageTests"/>
  <testcase name="ContactPageSelectMultipleContactTest" time="13.656" classname="com.mvnProject.testcases.ContactsPageTests"/>
</testsuite> <!-- com.mvnProject.testcases.ContactsPageTests -->
