<?xml version="1.0" encoding="UTF-8"?>
<!-- Generated by org.testng.reporters.JUnitReportReporter -->
<testsuite hostname="SUWAL" name="com.mvnProject.testcases.HomePageTests" tests="2" failures="0" timestamp="24 Nov 2018 20:36:01 GMT" time="27.749" errors="0">
  <testcase name="HomePageNewContactsTabTest" time="15.586" classname="com.mvnProject.testcases.HomePageTests"/>
  <testcase name="HomePageTitleTest" time="12.163" classname="com.mvnProject.testcases.HomePageTests"/>
</testsuite> <!-- com.mvnProject.testcases.HomePageTests -->
