<?xml version="1.0" encoding="UTF-8"?>
<!-- Generated by org.testng.reporters.JUnitReportReporter -->
<testsuite hostname="SUWAL" name="com.mvnProject.tescases.LoginPageTests" tests="1" failures="0" timestamp="11 Nov 2018 21:20:50 GMT" time="21.157" errors="0">
  <testcase name="verifySignUpLinkTest" time="21.157" classname="com.mvnProject.tescases.LoginPageTests"/>
</testsuite> <!-- com.mvnProject.tescases.LoginPageTests -->
