<?xml version="1.0" encoding="UTF-8"?>
<!-- Generated by org.testng.reporters.JUnitReportReporter -->
<testsuite hostname="SUWAL" name="com.mvnProject.testcases.LoginPageTest" tests="1" failures="0" timestamp="25 Nov 2018 17:57:44 GMT" time="11.408" errors="0">
  <testcase name="LoginPageTitleTest" time="11.408" classname="com.mvnProject.testcases.LoginPageTest"/>
</testsuite> <!-- com.mvnProject.testcases.LoginPageTest -->
