<?xml version="1.0" encoding="UTF-8"?>
<!-- Generated by org.testng.reporters.JUnitReportReporter -->
<testsuite hostname="SUWAL" name="com.mvnProject.testcases.ContactsPageTest" tests="2" failures="0" timestamp="25 Nov 2018 15:59:55 GMT" time="31.049" errors="0">
  <testcase name="ContactPageSelectMultipleContactTest" time="17.738" classname="com.mvnProject.testcases.ContactsPageTest"/>
  <testcase name="ContactPageSelectContactTest" time="13.311" classname="com.mvnProject.testcases.ContactsPageTest"/>
</testsuite> <!-- com.mvnProject.testcases.ContactsPageTest -->
