<?xml version="1.0" encoding="UTF-8"?>
<!-- Generated by org.testng.reporters.JUnitReportReporter -->
<testsuite hostname="SUWAL" name="com.mvnProject.testcases.HomePageTest" tests="2" failures="0" timestamp="25 Nov 2018 15:59:55 GMT" time="24.199" errors="0">
  <testcase name="HomePageTitleTest" time="11.013" classname="com.mvnProject.testcases.HomePageTest"/>
  <testcase name="HomePageNewContactsTabTest" time="13.186" classname="com.mvnProject.testcases.HomePageTest"/>
</testsuite> <!-- com.mvnProject.testcases.HomePageTest -->
